<?xml version="1.0" encoding="UTF-8"?>
<!-- Generated by org.testng.reporters.JUnitReportReporter -->
<testsuite hostname="Dinesh" failures="0" tests="1" name="testCases.TC001_CandidateDetails" time="9.746" errors="0" timestamp="2024-10-10T19:39:49 IST" skipped="0">
  <testcase classname="testCases.TC001_CandidateDetails" name="verifyCandidate" time="9.746"/>
</testsuite> <!-- testCases.TC001_CandidateDetails -->
